<?xml version="1.0" encoding="utf-8"?><testsuites name="pytest tests"><testsuite name="pytest" errors="0" failures="0" skipped="0" tests="7" time="1.127" timestamp="2026-08-21T04:42:45.959137+00:00" hostname="agent-env-d1baea4f-b33f-4f63-8a84-d0975f6f3a2d"><testcase classname="tests.test_audiences.TestFeedRegression" name="test_announcements_feed" time="0.340" /><testcase classname="tests.test_audiences.TestAudiencesCRUD" name="test_create" time="0.371" /><testcase classname="tests.test_audiences.TestFeedRegression" name="test_events_feed" time="0.109" /><testcase classname="tests.test_audiences.TestAudiencesCRUD" name="test_preview_semantics_istanbul_minus_direktor" time="0.060" /><testcase classname="tests.test_audiences.TestAudiencesCRUD" name="test_update" time="0.066" /><testcase classname="tests.test_audiences.TestAudiencesSeed" name="test_list_returns_at_least_three_seeded" time="0.105" /><testcase classname="tests.test_audiences.TestAudiencesCRUD" name="test_delete" time="0.118" /></testsuite></testsuites>