<?xml version="1.0" encoding="utf-8"?><testsuites name="pytest tests"><testsuite name="pytest" errors="0" failures="0" skipped="0" tests="11" time="2.619" timestamp="2026-08-14T14:06:10.634876+00:00" hostname="agent-env-d1baea4f-b33f-4f63-8a84-d0975f6f3a2d"><testcase classname="tests.test_avatar" name="test_avatar_config" time="0.330" /><testcase classname="tests.test_avatar" name="test_seeded_concepts" time="0.073" /><testcase classname="tests.test_avatar" name="test_feed_non_manager_excludes_yonetici_ozel" time="0.148" /><testcase classname="tests.test_avatar" name="test_feed_manager_includes_yonetici_ozel" time="0.066" /><testcase classname="tests.test_avatar" name="test_feed_invalid_employee" time="0.075" /><testcase classname="tests.test_avatar" name="test_concept_crud_and_avatars" time="0.645" /><testcase classname="tests.test_avatar" name="test_update_missing_concept" time="0.076" /><testcase classname="tests.test_avatar" name="test_add_missing_concept" time="0.068" /><testcase classname="tests.test_avatar" name="test_select_avatar_and_report" time="0.407" /><testcase classname="tests.test_avatar" name="test_select_invalid_employee" time="0.075" /><testcase classname="tests.test_avatar" name="test_categories_include_avatar" time="0.069" /></testsuite></testsuites>