<?xml version="1.0" encoding="utf-8"?><testsuites name="pytest tests"><testsuite name="pytest" errors="0" failures="0" skipped="0" tests="12" time="2.523" timestamp="2026-08-14T13:41:20.836256+00:00" hostname="agent-env-d1baea4f-b33f-4f63-8a84-d0975f6f3a2d"><testcase classname="tests.test_listings.TestFeedAndExpiry" name="test_feed_invalid_employee" time="0.297" /><testcase classname="tests.test_listings.TestFeedAndExpiry" name="test_seeded_published_have_positive_remaining" time="0.063" /><testcase classname="tests.test_listings.TestFeedAndExpiry" name="test_seeded_contact_has_email_and_phone" time="0.102" /><testcase classname="tests.test_listings.TestListingLifecycle" name="test_create_invalid_type" time="0.540" /><testcase classname="tests.test_listings.TestListingsConfig" name="test_get_config" time="0.061" /><testcase classname="tests.test_listings.TestListingsConfig" name="test_put_config" time="0.122" /><testcase classname="tests.test_listings.TestListingLifecycle" name="test_create_too_many_images" time="0.142" /><testcase classname="tests.test_listings.TestListingsList" name="test_seeded_listings" time="0.066" /><testcase classname="tests.test_listings.TestListingLifecycle" name="test_full_lifecycle" time="1.066" /><testcase classname="tests.test_listings.TestListingsList" name="test_filters" time="0.195" /><testcase classname="tests.test_listings.TestBackfill" name="test_employees_have_email_phone" time="0.061" /><testcase classname="tests.test_listings.TestListingLifecycle" name="test_reject" time="0.285" /></testsuite></testsuites>