<?xml version="1.0" encoding="utf-8"?><testsuites name="pytest tests"><testsuite name="pytest" errors="0" failures="0" skipped="0" tests="7" time="1.318" timestamp="2026-08-21T04:54:03.041067+00:00" hostname="agent-env-d1baea4f-b33f-4f63-8a84-d0975f6f3a2d"><testcase classname="tests.test_notifications.TestAnlikBildirimLifecycle" name="test_create_requires_exactly_two_options" time="0.318" /><testcase classname="tests.test_notifications.TestSeededCategories" name="test_categories_present" time="0.242" /><testcase classname="tests.test_notifications.TestIsgAudience" name="test_isg_audience_filter" time="0.396" /><testcase classname="tests.test_notifications.TestAnlikBildirimLifecycle" name="test_create_and_list" time="0.112" /><testcase classname="tests.test_notifications.TestAnlikBildirimLifecycle" name="test_feed_and_respond" time="0.350" /><testcase classname="tests.test_notifications.TestAnlikBildirimLifecycle" name="test_report" time="0.060" /><testcase classname="tests.test_notifications.TestAnlikBildirimLifecycle" name="test_delete" time="0.106" /></testsuite></testsuites>