<?xml version="1.0" encoding="utf-8"?><testsuites name="pytest tests"><testsuite name="pytest" errors="0" failures="0" skipped="1" tests="13" time="2.642" timestamp="2026-08-21T06:35:27.373609+00:00" hostname="agent-env-d1baea4f-b33f-4f63-8a84-d0975f6f3a2d"><testcase classname="tests.test_phase4.TestKudos" name="test_feed" time="0.162" /><testcase classname="tests.test_phase4.TestGames" name="test_list_and_feed" time="0.365" /><testcase classname="tests.test_phase4.TestKudos" name="test_create_kudos_awards_points" time="0.803" /><testcase classname="tests.test_phase4.TestGames" name="test_create_update_delete_game" time="0.418" /><testcase classname="tests.test_phase4.TestGames" name="test_play_and_leaderboard" time="0.271"><skipped type="pytest.skip" message="Already played by this employee in previous run">/app/backend/tests/test_phase4.py:183: Already played by this employee in previous run</skipped></testcase><testcase classname="tests.test_phase4.TestKudos" name="test_kudos_self_forbidden" time="0.121" /><testcase classname="tests.test_phase4.TestGamiConfig" name="test_get_config" time="0.144" /><testcase classname="tests.test_phase4.TestKudos" name="test_invalid_value" time="0.104" /><testcase classname="tests.test_phase4.TestKudos" name="test_moderation_flow" time="0.859" /><testcase classname="tests.test_phase4.TestGamiConfig" name="test_update_points" time="0.203" /><testcase classname="tests.test_phase4.TestLeaderboard" name="test_leaderboard" time="0.169" /><testcase classname="tests.test_phase4.TestKudos" name="test_mine" time="0.142" /><testcase classname="tests.test_phase4.TestGamiProfile" name="test_profile" time="0.126" /></testsuite></testsuites>