<?xml version="1.0" encoding="utf-8"?><testsuites name="pytest tests"><testsuite name="pytest" errors="0" failures="0" skipped="0" tests="11" time="2.057" timestamp="2026-08-21T05:21:32.497559+00:00" hostname="agent-env-d1baea4f-b33f-4f63-8a84-d0975f6f3a2d"><testcase classname="tests.test_phase3a.TestIsgRamak" name="test_get_config_defaults" time="0.159" /><testcase classname="tests.test_phase3a.TestRooms" name="test_room_crud_and_reservation_flow" time="0.831" /><testcase classname="tests.test_phase3a.TestIsgRamak" name="test_put_config_updates" time="0.217" /><testcase classname="tests.test_phase3a.TestIsgRamak" name="test_report_anonymous_hides_reporter" time="0.233" /><testcase classname="tests.test_phase3a.TestIsgRamak" name="test_report_named_shows_reporter_and_status_flow" time="0.420" /><testcase classname="tests.test_phase3a.TestRooms" name="test_reservation_missing_room_404" time="0.045" /><testcase classname="tests.test_phase3a.TestRooms" name="test_rooms_feed_audience_filter" time="0.256" /><testcase classname="tests.test_phase3a.TestIsgRamak" name="test_status_update_404" time="0.063" /><testcase classname="tests.test_phase3a.TestHapReactions" name="test_multi_emoji_toggle" time="0.548" /><testcase classname="tests.test_phase3a.TestDiscountImage" name="test_create_with_image" time="0.177" /><testcase classname="tests.test_phase3a.TestHapReactions" name="test_react_404" time="0.064" /></testsuite></testsuites>