<?xml version="1.0" encoding="utf-8"?><testsuites name="pytest tests"><testsuite name="pytest" errors="0" failures="0" skipped="0" tests="8" time="1.745" timestamp="2026-08-21T05:33:11.417772+00:00" hostname="agent-env-d1baea4f-b33f-4f63-8a84-d0975f6f3a2d"><testcase classname="tests.test_phase3b.TestKutlama" name="test_template_crud" time="0.393" /><testcase classname="tests.test_phase3b.TestEventCapacityAndCheckin" name="test_capacity_limit_returns_400" time="0.777" /><testcase classname="tests.test_phase3b.TestKutlama" name="test_celebrations_feed_structure" time="0.047" /><testcase classname="tests.test_phase3b.TestKutlama" name="test_employees_have_dates_seeded" time="0.043" /><testcase classname="tests.test_phase3b.TestAwards" name="test_award_crud_and_winner" time="0.313" /><testcase classname="tests.test_phase3b.TestEventCapacityAndCheckin" name="test_checkin_and_service_report" time="0.490" /><testcase classname="tests.test_phase3b.TestAwards" name="test_award_vote_tally" time="0.444" /><testcase classname="tests.test_phase3b.TestEventCapacityAndCheckin" name="test_checkin_missing_event_404" time="0.071" /></testsuite></testsuites>