<?xml version="1.0" encoding="utf-8"?><testsuites name="pytest tests"><testsuite name="pytest" errors="0" failures="0" skipped="0" tests="5" time="1.774" timestamp="2026-08-21T05:05:28.686597+00:00" hostname="agent-env-d1baea4f-b33f-4f63-8a84-d0975f6f3a2d"><testcase classname="tests.test_phase2.TestCanteens" name="test_canteen_crud_days_meals_and_audience_feed" time="0.514" /><testcase classname="tests.test_phase2.TestHapBilgi" name="test_topics_crud_and_posts_feed_like" time="0.899" /><testcase classname="tests.test_phase2.TestCanteens" name="test_canteen_update_404" time="0.044" /><testcase classname="tests.test_phase2.TestCanteens" name="test_canteen_feed_invalid_employee" time="0.043" /><testcase classname="tests.test_phase2.TestDiscounts" name="test_categories_crud_and_feed_hides_required_points" time="0.542" /></testsuite></testsuites>