<?xml version="1.0" encoding="utf-8"?><testsuites name="pytest tests"><testsuite name="pytest" errors="0" failures="0" skipped="0" tests="6" time="2.781" timestamp="2026-08-14T12:14:30.454561+00:00" hostname="agent-env-d1baea4f-b33f-4f63-8a84-d0975f6f3a2d"><testcase classname="tests.test_event_report" name="test_event_report_structure" time="0.496" /><testcase classname="tests.test_event_report" name="test_event_report_departments_match_responders" time="0.295" /><testcase classname="tests.test_event_report" name="test_event_report_404" time="0.119" /><testcase classname="tests.test_event_report" name="test_rsvp_upsert_no_regression" time="0.479" /><testcase classname="tests.test_event_report" name="test_calendar_events_have_dates" time="0.156" /><testcase classname="tests.test_event_report" name="test_admin_smoke_endpoints" time="0.758" /></testsuite></testsuites>