<?xml version="1.0" encoding="utf-8"?><testsuites name="pytest tests"><testsuite name="pytest" errors="0" failures="1" skipped="0" tests="7" time="2.319" timestamp="2026-08-21T07:04:54.097733+00:00" hostname="agent-env-d1baea4f-b33f-4f63-8a84-d0975f6f3a2d"><testcase classname="tests.test_phase5" name="test_communities_list" time="0.239" /><testcase classname="tests.test_phase5" name="test_communities_feed_employee" time="0.057" /><testcase classname="tests.test_phase5" name="test_communities_feed_bad_employee" time="0.054" /><testcase classname="tests.test_phase5" name="test_community_crud" time="0.380" /><testcase classname="tests.test_phase5" name="test_posts_flow" time="0.839" /><testcase classname="tests.test_phase5" name="test_messages" time="0.216" /><testcase classname="tests.test_phase5" name="test_kudos_notifications" time="0.448"><failure message="assert 0 &gt;= 1">backend/tests/test_phase5.py:165: in test_kudos_notifications
    assert data["count"] &gt;= 1
E   assert 0 &gt;= 1</failure></testcase></testsuite></testsuites>