<?xml version="1.0" encoding="utf-8"?><testsuites name="pytest tests"><testsuite name="pytest" errors="0" failures="0" skipped="0" tests="10" time="1.718" timestamp="2026-08-14T11:53:13.080935+00:00" hostname="agent-env-d1baea4f-b33f-4f63-8a84-d0975f6f3a2d"><testcase classname="tests.test_events_compare.TestCategories" name="test_category_types_include_etkinlik_active" time="0.266" /><testcase classname="tests.test_events_compare.TestEvents" name="test_list_events_seeded" time="0.266" /><testcase classname="tests.test_events_compare.TestCategories" name="test_categories_have_three_active" time="0.055" /><testcase classname="tests.test_events_compare.TestEvents" name="test_events_feed_includes_my_rsvp" time="0.106" /><testcase classname="tests.test_events_compare.TestEvents" name="test_get_event_with_employee" time="0.099" /><testcase classname="tests.test_events_compare.TestRSVP" name="test_rsvp_upsert_no_double_count" time="0.421" /><testcase classname="tests.test_events_compare.TestEvents" name="test_create_update_delete_event" time="0.295" /><testcase classname="tests.test_events_compare.TestRSVP" name="test_event_audience_filters_feed" time="0.223" /><testcase classname="tests.test_events_compare.TestPulseCompare" name="test_compare_ranges" time="0.113" /><testcase classname="tests.test_events_compare.TestPulseCompare" name="test_compare_empty_range" time="0.124" /></testsuite></testsuites>