<?xml version="1.0" encoding="utf-8"?><testsuites name="pytest tests"><testsuite name="pytest" errors="0" failures="0" skipped="0" tests="11" time="1.995" timestamp="2026-08-14T10:29:07.571547+00:00" hostname="agent-env-d1baea4f-b33f-4f63-8a84-d0975f6f3a2d"><testcase classname="tests.backend_test.TestAnnouncements" name="test_list_seeded" time="0.293" /><testcase classname="tests.backend_test.TestSeed" name="test_root" time="0.271" /><testcase classname="tests.backend_test.TestSeed" name="test_employees" time="0.127" /><testcase classname="tests.backend_test.TestAnnouncements" name="test_full_lifecycle_and_feed_audience" time="0.783" /><testcase classname="tests.backend_test.TestSeed" name="test_segment_options" time="0.062" /><testcase classname="tests.backend_test.TestSeed" name="test_category_types" time="0.052" /><testcase classname="tests.backend_test.TestSubcategories" name="test_list_seeded" time="0.114" /><testcase classname="tests.backend_test.TestSubcategories" name="test_crud_inherit" time="0.307" /><testcase classname="tests.backend_test.TestAnnouncements" name="test_feed_invalid_employee" time="0.047" /><testcase classname="tests.backend_test.TestCategories" name="test_list_seeded" time="0.049" /><testcase classname="tests.backend_test.TestCategories" name="test_crud_and_reorder" time="0.305" /></testsuite></testsuites>