<?xml version="1.0" encoding="utf-8"?><testsuites name="pytest tests"><testsuite name="pytest" errors="0" failures="0" skipped="0" tests="23" time="3.334" timestamp="2026-08-14T11:35:10.685874+00:00" hostname="agent-env-d1baea4f-b33f-4f63-8a84-d0975f6f3a2d"><testcase classname="tests.backend_test.TestSeed" name="test_root" time="0.171" /><testcase classname="tests.backend_test.TestSeed" name="test_employees" time="0.057" /><testcase classname="tests.backend_test.TestSeed" name="test_segment_options" time="0.050" /><testcase classname="tests.backend_test.TestSeed" name="test_category_types" time="0.050" /><testcase classname="tests.backend_test.TestCategories" name="test_list_seeded" time="0.052" /><testcase classname="tests.backend_test.TestCategories" name="test_crud_and_reorder" time="0.331" /><testcase classname="tests.backend_test.TestSubcategories" name="test_list_seeded" time="0.103" /><testcase classname="tests.backend_test.TestSubcategories" name="test_crud_inherit" time="0.205" /><testcase classname="tests.backend_test.TestAnnouncements" name="test_list_seeded" time="0.103" /><testcase classname="tests.backend_test.TestAnnouncements" name="test_full_lifecycle_and_feed_audience" time="0.665" /><testcase classname="tests.backend_test.TestAnnouncements" name="test_feed_invalid_employee" time="0.050" /><testcase classname="tests.test_pulses.TestPulseSeedAndCategoryType" name="test_category_types_includes_pulse_active" time="0.113" /><testcase classname="tests.test_pulses.TestPulseSeedAndCategoryType" name="test_categories_has_pulse_seed" time="0.050" /><testcase classname="tests.test_pulses.TestPulseSeedAndCategoryType" name="test_pulses_list_seeded" time="0.049" /><testcase classname="tests.test_pulses.TestPulseCrudValidation" name="test_reject_zero_questions" time="0.048" /><testcase classname="tests.test_pulses.TestPulseCrudValidation" name="test_reject_six_questions" time="0.050" /><testcase classname="tests.test_pulses.TestPulseCrudValidation" name="test_create_valid" time="0.049" /><testcase classname="tests.test_pulses.TestPulseCrudValidation" name="test_update_and_validation" time="0.103" /><testcase classname="tests.test_pulses.TestPulseCrudValidation" name="test_delete" time="0.095" /><testcase classname="tests.test_pulses.TestPulseFeedAudienceAndRespond" name="test_audience_filter_and_respond" time="0.388" /><testcase classname="tests.test_pulses.TestPulseReportAndHistory" name="test_seeded_report_non_anonymous" time="0.098" /><testcase classname="tests.test_pulses.TestPulseReportAndHistory" name="test_anonymous_pulse_hides_persons_and_anonymizes_comments" time="0.190" /><testcase classname="tests.test_pulses.TestPulseReportAndHistory" name="test_my_history_returns_only_own" time="0.159" /></testsuite></testsuites>