<?xml version="1.0" encoding="utf-8"?><testsuites name="pytest tests"><testsuite name="pytest" errors="0" failures="0" skipped="0" tests="9" time="2.970" timestamp="2026-08-14T14:41:37.016851+00:00" hostname="agent-env-d1baea4f-b33f-4f63-8a84-d0975f6f3a2d"><testcase classname="tests.test_routes.TestRoutesSeedAndList" name="test_list_routes_has_seed" time="0.295" /><testcase classname="tests.test_routes.TestRoutesCRUD" name="test_create_route" time="0.313" /><testcase classname="tests.test_routes.TestRoutesCRUD" name="test_get_route" time="0.210" /><testcase classname="tests.test_routes.TestRoutesSeedAndList" name="test_route_ordering_not_shadowed" time="0.603" /><testcase classname="tests.test_routes.TestRoutesCRUD" name="test_update_route" time="0.285" /><testcase classname="tests.test_routes.TestRoutesCRUD" name="test_delete_route" time="0.316" /><testcase classname="tests.test_routes.TestRoutesSeedAndList" name="test_cities_contains_istanbul" time="0.183" /><testcase classname="tests.test_routes.TestRoutesRegister" name="test_feed_and_register_flow" time="1.243" /><testcase classname="tests.test_routes.TestRoutesRegister" name="test_city_filter" time="0.145" /></testsuite></testsuites>